c:\users\shado\documents\visual studio 2019\projects\hubproject\hubproject\debug\vc142.pdb
c:\users\shado\documents\visual studio 2019\projects\hubproject\hubproject\debug\vc142.idb
c:\users\shado\documents\visual studio 2019\projects\hubproject\hubproject\debug\vector.obj
c:\users\shado\documents\visual studio 2019\projects\hubproject\hubproject\debug\hubproject.obj
c:\users\shado\documents\visual studio 2019\projects\hubproject\hubproject\debug\array.obj
c:\users\shado\documents\visual studio 2019\projects\hubproject\hubproject\debug\strings.obj
c:\users\shado\documents\visual studio 2019\projects\hubproject\hubproject\debug\sorting.obj
c:\users\shado\documents\visual studio 2019\projects\hubproject\hubproject\debug\operationoverloading.obj
c:\users\shado\documents\visual studio 2019\projects\hubproject\hubproject\debug\functions.obj
c:\users\shado\documents\visual studio 2019\projects\hubproject\hubproject\debug\fileio.obj
c:\users\shado\documents\visual studio 2019\projects\hubproject\hubproject\debug\coderepo1.obj
c:\users\shado\documents\visual studio 2019\projects\hubproject\debug\hubproject.exe
c:\users\shado\documents\visual studio 2019\projects\hubproject\debug\hubproject.ilk
c:\users\shado\documents\visual studio 2019\projects\hubproject\debug\hubproject.pdb
c:\users\shado\documents\visual studio 2019\projects\hubproject\hubproject\debug\vc141.idb
c:\users\shado\documents\visual studio 2019\projects\hubproject\hubproject\debug\vc141.pdb
c:\users\shado\documents\visual studio 2019\projects\hubproject\hubproject\debug\hubproject.tlog\cl.command.1.tlog
c:\users\shado\documents\visual studio 2019\projects\hubproject\hubproject\debug\hubproject.tlog\cl.read.1.tlog
c:\users\shado\documents\visual studio 2019\projects\hubproject\hubproject\debug\hubproject.tlog\cl.write.1.tlog
c:\users\shado\documents\visual studio 2019\projects\hubproject\hubproject\debug\hubproject.tlog\link.command.1.tlog
c:\users\shado\documents\visual studio 2019\projects\hubproject\hubproject\debug\hubproject.tlog\link.read.1.tlog
c:\users\shado\documents\visual studio 2019\projects\hubproject\hubproject\debug\hubproject.tlog\link.write.1.tlog
